<?xml version="1.0" encoding="UTF-8"?>
<testsuite xmlns:xsi="http://www.w3.org/2001/XMLSchema-instance" xsi:noNamespaceSchemaLocation="https://maven.apache.org/surefire/maven-surefire-plugin/xsd/surefire-test-report.xsd" name="com.abishekquick.SimpletestTest" time="0.339" tests="4" errors="0" skipped="0" failures="0">
  <properties>
[...]
</properties>
  <testcase name="divzerotest" classname="com.abishekquick.SimpletestTest" time="0.015"/>
  <testcase name="facttest" classname="com.abishekquick.SimpletestTest" time="0"/>
  <testcase name="multest" classname="com.abishekquick.SimpletestTest" time="0.016"/>
  <testcase name="divtest" classname="com.abishekquick.SimpletestTest" time="0"/>
</testsuite>